0 info it worked if it ends with ok
1 verbose cli [ '/Users/sean/.nvm/versions/node/v5.0.0/bin/node',
1 verbose cli   '/Users/sean/.nvm/versions/node/v5.0.0/bin/npm',
1 verbose cli   'start' ]
2 info using npm@3.4.0
3 info using node@v5.0.0
4 verbose run-script [ 'prestart', 'start', 'poststart' ]
5 info lifecycle uber_heatmap@~prestart: uber_heatmap@
6 silly lifecycle uber_heatmap@~prestart: no script for prestart, continuing
7 info lifecycle uber_heatmap@~start: uber_heatmap@
8 verbose lifecycle uber_heatmap@~start: unsafe-perm in lifecycle true
9 verbose lifecycle uber_heatmap@~start: PATH: /Users/sean/.nvm/versions/node/v5.0.0/lib/node_modules/npm/bin/node-gyp-bin:/Users/sean/Documents/Repo/uber_heatmap/node_modules/.bin:/Users/sean/.nvm/versions/node/v5.0.0/bin:/opt/local/bin:/opt/local/sbin:/Users/sean/.rvm/gems/ruby-2.0.0-p481/bin:/Users/sean/.rvm/gems/ruby-2.0.0-p481@global/bin:/Users/sean/.rvm/rubies/ruby-2.0.0-p481/bin:/usr/local/bin:/usr/bin:/bin:/usr/sbin:/sbin:/Applications/SquishCoco/:/Users/sean/.rvm/bin
10 verbose lifecycle uber_heatmap@~start: CWD: /Users/sean/Documents/Repo/uber_heatmap
11 silly lifecycle uber_heatmap@~start: Args: [ '-c', 'node server.js' ]
12 silly lifecycle uber_heatmap@~start: Returned: code: 1  signal: null
13 info lifecycle uber_heatmap@~start: Failed to exec start script
14 verbose stack Error: uber_heatmap@ start: `node server.js`
14 verbose stack Exit status 1
14 verbose stack     at EventEmitter.<anonymous> (/Users/sean/.nvm/versions/node/v5.0.0/lib/node_modules/npm/lib/utils/lifecycle.js:232:16)
14 verbose stack     at emitTwo (events.js:87:13)
14 verbose stack     at EventEmitter.emit (events.js:172:7)
14 verbose stack     at ChildProcess.<anonymous> (/Users/sean/.nvm/versions/node/v5.0.0/lib/node_modules/npm/lib/utils/spawn.js:24:14)
14 verbose stack     at emitTwo (events.js:87:13)
14 verbose stack     at ChildProcess.emit (events.js:172:7)
14 verbose stack     at maybeClose (internal/child_process.js:818:16)
14 verbose stack     at Process.ChildProcess._handle.onexit (internal/child_process.js:211:5)
15 verbose pkgid uber_heatmap@
16 verbose cwd /Users/sean/Documents/Repo/uber_heatmap
17 error Darwin 14.5.0
18 error argv "/Users/sean/.nvm/versions/node/v5.0.0/bin/node" "/Users/sean/.nvm/versions/node/v5.0.0/bin/npm" "start"
19 error node v5.0.0
20 error npm  v3.4.0
21 error code ELIFECYCLE
22 error uber_heatmap@ start: `node server.js`
22 error Exit status 1
23 error Failed at the uber_heatmap@ start script 'node server.js'.
23 error Make sure you have the latest version of node.js and npm installed.
23 error If you do, this is most likely a problem with the uber_heatmap package,
23 error not with npm itself.
23 error Tell the author that this fails on your system:
23 error     node server.js
23 error You can get their info via:
23 error     npm owner ls uber_heatmap
23 error There is likely additional logging output above.
24 verbose exit [ 1, true ]
